0 info it worked if it ends with ok
1 verbose cli [ 'node', '/usr/local/bin/npm', 'publish' ]
2 info using npm@3.4.1
3 info using node@v1.0.4
4 verbose node symlink /usr/local/bin/node
5 verbose publish [ '.' ]
6 silly cache add args [ '.', null ]
7 verbose cache add spec .
8 silly cache add parsed spec { raw: '.',
8 silly cache add   scope: null,
8 silly cache add   name: null,
8 silly cache add   rawSpec: '.',
8 silly cache add   spec: '/Users/sunexiong/Code/Zworks/Wteambition/tb-icons',
8 silly cache add   type: 'directory' }
9 verbose addLocalDirectory /Users/sunexiong/.npm/tb-icons/0.0.5/package.tgz not in flight; packing
10 info lifecycle tb-icons@0.0.5~prepublish: tb-icons@0.0.5
11 silly lifecycle tb-icons@0.0.5~prepublish: no script for prepublish, continuing
12 verbose tar pack [ '/Users/sunexiong/.npm/tb-icons/0.0.5/package.tgz',
12 verbose tar pack   '/Users/sunexiong/Code/Zworks/Wteambition/tb-icons' ]
13 verbose tarball /Users/sunexiong/.npm/tb-icons/0.0.5/package.tgz
14 verbose folder /Users/sunexiong/Code/Zworks/Wteambition/tb-icons
15 verbose addLocalTarball adding from inside cache /Users/sunexiong/.npm/tb-icons/0.0.5/package.tgz
16 silly cache afterAdd tb-icons@0.0.5
17 verbose afterAdd /Users/sunexiong/.npm/tb-icons/0.0.5/package/package.json not in flight; writing
18 verbose afterAdd /Users/sunexiong/.npm/tb-icons/0.0.5/package/package.json written
19 silly publish { name: 'tb-icons',
19 silly publish   version: '0.0.5',
19 silly publish   description: 'A classified icons set that consists of a part of Material Design icons and some original icons by TB-UI team.',
19 silly publish   license: 'MIT',
19 silly publish   repository:
19 silly publish    { type: 'git',
19 silly publish      url: 'git+ssh://git@github.com/teambition/TB-Icons.git' },
19 silly publish   author:
19 silly publish    { name: 'Sune Bear',
19 silly publish      email: 'hi@sunebear.com',
19 silly publish      url: 'http://sunebear.com' },
19 silly publish   devDependencies:
19 silly publish    { gulp: '^3.9.0',
19 silly publish      'gulp-connect': '^3.0.0',
19 silly publish      'gulp-gh-pages': '^0.5.4',
19 silly publish      'gulp-jade': '^1.0.1',
19 silly publish      'gulp-rimraf': '^0.1.1',
19 silly publish      'gulp-sequence': '^0.3.2',
19 silly publish      'gulp-stylus': '^2.0.2' },
19 silly publish   dependencies:
19 silly publish    { 'camel-2-dash': '^0.1.0',
19 silly publish      capitalize: '^1.0.0',
19 silly publish      'require-dir': '^0.3.0',
19 silly publish      'tb-colors': '0.0.2',
19 silly publish      write: '^0.2.1' },
19 silly publish   readme: '## TB-ICONS: Find & Copy Playing\nA classified icons set that consists of a part of Material Design icons and some original icons by [TB-UI](https://www.github.com/teambition/tb-ui) team. Available in Icon Font and SVG.\n\n![TB-Icons Logo](./images/tb-icons-screenshot.png)\n\n### Installation\n```\nnpm i tb-icons --save\n```\n\n### Usage\n\nInclude the style in Stylus:\n\n```\n@import \'tb-icons/dist/font-icons\'\n```\n\nGet an icon in Jade:\n```\nspan.icon.icon-t\n```\n\nMove the fonts with Gulp:\n```\ngulp.task(\'move-fonts\', function () {\n  gulp.src(\'node_modules/tb-icons/dist/fonts/**/*\')\n    .pipe(gulp.dest(\'static/fonts/\'))\n})\n```\n\n### Development\nThe source files can be found in [`src`](src) directory.\n\nWhile developing, you should use the command `gulp && gulp serve` to create a watcher and run a docs server with livereload.\n\nThen, to update the icon fonts and icon name-unicode pairs store, preview immediately on `localhost:8001`.\n\nLastly, commit your great works, release a new version, use `gulp deploy` to publish docs to GitHub pages.\n\n### TODO\n- Create an SVG symbol sprite from icon fonts.\n\n### License\nThis work is licensed under the MIT license.\n',
19 silly publish   readmeFilename: 'README.md',
19 silly publish   gitHead: '3703c7d33933937d7f8954d3f7e8ecb52b5ba042',
19 silly publish   bugs: { url: 'https://github.com/teambition/TB-Icons/issues' },
19 silly publish   homepage: 'https://github.com/teambition/TB-Icons#readme',
19 silly publish   _id: 'tb-icons@0.0.5',
19 silly publish   scripts: {},
19 silly publish   _shasum: '5abda0e5024663d08072985f0c59b5704530325e',
19 silly publish   _from: '.' }
20 verbose getPublishConfig undefined
21 silly mapToRegistry name tb-icons
22 silly mapToRegistry using default registry
23 silly mapToRegistry registry https://registry.npmjs.org/
24 silly mapToRegistry uri https://registry.npmjs.org/tb-icons
25 verbose publish registryBase https://registry.npmjs.org/
26 silly publish uploading /Users/sunexiong/.npm/tb-icons/0.0.5/package.tgz
27 verbose request uri https://registry.npmjs.org/tb-icons
28 verbose request sending authorization for write operation
29 info attempt registry request try #1 at 12:46:17
30 verbose request using bearer token for auth
31 verbose request id c89f77d5f48bbcf3
32 http request PUT https://registry.npmjs.org/tb-icons
33 http 403 https://registry.npmjs.org/tb-icons
34 verbose headers { 'content-type': 'application/json',
34 verbose headers   'cache-control': 'max-age=300',
34 verbose headers   'content-length': '95',
34 verbose headers   'accept-ranges': 'bytes',
34 verbose headers   date: 'Mon, 11 Apr 2016 04:46:14 GMT',
34 verbose headers   via: '1.1 varnish',
34 verbose headers   connection: 'keep-alive',
34 verbose headers   'x-served-by': 'cache-sin6927-SIN',
34 verbose headers   'x-cache': 'MISS',
34 verbose headers   'x-cache-hits': '0',
34 verbose headers   'x-timer': 'S1460349972.515442,VS0,VE1845',
34 verbose headers   vary: 'Accept-Encoding' }
35 verbose request invalidating /Users/sunexiong/.npm/registry.npmjs.org/tb-icons on PUT
36 error publish Failed PUT 403
37 verbose stack Error: "You cannot publish over the previously published version 0.0.5." : tb-icons
37 verbose stack     at makeError (/usr/local/lib/node_modules/npm/node_modules/npm-registry-client/lib/request.js:264:12)
37 verbose stack     at CachingRegistryClient.<anonymous> (/usr/local/lib/node_modules/npm/node_modules/npm-registry-client/lib/request.js:252:14)
37 verbose stack     at Request._callback (/usr/local/lib/node_modules/npm/node_modules/npm-registry-client/lib/request.js:172:14)
37 verbose stack     at Request.self.callback (/usr/local/lib/node_modules/npm/node_modules/request/request.js:198:22)
37 verbose stack     at Request.emit (events.js:101:17)
37 verbose stack     at Request.<anonymous> (/usr/local/lib/node_modules/npm/node_modules/request/request.js:1082:10)
37 verbose stack     at Request.emit (events.js:120:20)
37 verbose stack     at IncomingMessage.<anonymous> (/usr/local/lib/node_modules/npm/node_modules/request/request.js:1009:12)
37 verbose stack     at IncomingMessage.emit (events.js:120:20)
37 verbose stack     at _stream_readable.js:888:16
38 verbose statusCode 403
39 verbose pkgid tb-icons
40 verbose cwd /Users/sunexiong/Code/Zworks/Wteambition/tb-icons
41 error Darwin 15.3.0
42 error argv "node" "/usr/local/bin/npm" "publish"
43 error node v1.0.4
44 error npm  v3.4.1
45 error code E403
46 error "You cannot publish over the previously published version 0.0.5." : tb-icons
47 error If you need help, you may report this error at:
47 error     <https://github.com/npm/npm/issues>
48 verbose exit [ 1, true ]
